<?xml version="1.0" encoding="UTF-8"?>
<testng-results skipped="0" failed="0" ignored="0" total="1" passed="1">
  <reporter-output>
  </reporter-output>
  <suite name="Default suite" duration-ms="91515" started-at="2019-11-27T13:04:08Z" finished-at="2019-11-27T13:05:39Z">
    <groups>
    </groups>
    <test name="Default test" duration-ms="91515" started-at="2019-11-27T13:04:08Z" finished-at="2019-11-27T13:05:39Z">
      <class name="seleniumTests.LoginTest">
        <test-method status="PASS" signature="setUp()[pri:0, instance:seleniumTests.LoginTest@61832929]" name="setUp" is-config="true" duration-ms="46116" started-at="2019-11-27T18:34:08Z" finished-at="2019-11-27T18:34:54Z">
          <reporter-output>
          </reporter-output>
        </test-method> <!-- setUp -->
        <test-method status="PASS" signature="loginAction()[pri:0, instance:seleniumTests.LoginTest@61832929]" name="loginAction" duration-ms="45342" started-at="2019-11-27T18:34:54Z" finished-at="2019-11-27T18:35:39Z">
          <reporter-output>
          </reporter-output>
        </test-method> <!-- loginAction -->
      </class> <!-- seleniumTests.LoginTest -->
    </test> <!-- Default test -->
  </suite> <!-- Default suite -->
</testng-results>
